#
# There is insufficient memory for the Java Runtime Environment to continue.
# Native memory allocation (mmap) failed to map 201326592 bytes for G1 virtual space
# Possible reasons:
#   The system is out of physical RAM or swap space
#   The process is running with CompressedOops enabled, and the Java Heap may be blocking the growth of the native heap
# Possible solutions:
#   Reduce memory load on the system
#   Increase physical memory or swap space
#   Check if swap backing store is full
#   Decrease Java heap size (-Xmx/-Xms)
#   Decrease number of Java threads
#   Decrease Java thread stack sizes (-Xss)
#   Set larger code cache with -XX:ReservedCodeCacheSize=
#   JVM is running with Zero Based Compressed Oops mode in which the Java heap is
#     placed in the first 32GB address space. The Java Heap base address is the
#     maximum limit for the native heap growth. Please use -XX:HeapBaseMinAddress
#     to set the Java Heap base and to place the Java Heap above 32GB virtual address.
# This output file may be truncated or incomplete.
#
#  Out of Memory Error (os_windows.cpp:3548), pid=16112, tid=28300
#
# JRE version:  (17.0.12+8) (build )
# Java VM: Java HotSpot(TM) 64-Bit Server VM (17.0.12+8-LTS-286, mixed mode, emulated-client, sharing, tiered, compressed oops, compressed class ptrs, g1 gc, windows-amd64)
# No core dump will be written. Minidumps are not enabled by default on client versions of Windows
#

---------------  S U M M A R Y ------------

Command Line: -XX:TieredStopAtLevel=1 com.projectSD.transaction_service.TransactionServiceApplication

Host: Intel(R) Core(TM) i5-8250U CPU @ 1.60GHz, 8 cores, 11G,  Windows 10 , 64 bit Build 19041 (10.0.19041.5915)
Time: Wed Dec 31 01:19:02 2025 Maroc (heure d64 bit Build 19041 (10.0.19041.5915) elapsed time: 0.139153 seconds (0d 0h 0m 0s)

---------------  T H R E A D  ---------------

Current thread (0x000001d7cfa1d0d0):  JavaThread "Unknown thread" [_thread_in_vm, id=28300, stack(0x0000000e99600000,0x0000000e99700000)]

Stack: [0x0000000e99600000,0x0000000e99700000]
Native frames: (J=compiled Java code, j=interpreted, Vv=VM code, C=native code)
V  [jvm.dll+0x67a04a]
V  [jvm.dll+0x7da4ed]
V  [jvm.dll+0x7dbe33]
V  [jvm.dll+0x7dc4a3]
V  [jvm.dll+0x24508f]
V  [jvm.dll+0x677089]
V  [jvm.dll+0x66bd32]
V  [jvm.dll+0x301fa6]
V  [jvm.dll+0x309546]
V  [jvm.dll+0x359d2e]
V  [jvm.dll+0x359f5f]
V  [jvm.dll+0x2d9078]
V  [jvm.dll+0x2d9fe4]
V  [jvm.dll+0x7aca21]
V  [jvm.dll+0x367591]
V  [jvm.dll+0x78b999]
V  [jvm.dll+0x3ec83f]
V  [jvm.dll+0x3ee471]
C  [jli.dll+0x5297]
C  [ucrtbase.dll+0x21bb2]
C  [KERNEL32.DLL+0x17374]
C  [ntdll.dll+0x4cc91]


---------------  P R O C E S S  ---------------

Threads class SMR info:
_java_thread_list=0x00007ffa51b57a18, length=0, elements={
}

Java Threads: ( => current thread )

Other Threads:
  0x000001d7cfa7c6f0 GCTaskThread "GC Thread#0" [stack: 0x0000000e99700000,0x0000000e99800000] [id=10104]
  0x000001d7cfa89450 ConcurrentGCThread "G1 Main Marker" [stack: 0x0000000e99800000,0x0000000e99900000] [id=20704]
  0x000001d7cfa89e60 ConcurrentGCThread "G1 Conc#0" [stack: 0x0000000e99900000,0x0000000e99a00000] [id=15300]

[error occurred during error reporting (printing all threads), id 0xc0000005, EXCEPTION_ACCESS_VIOLATION (0xc0000005) at pc=0x00007ffa51389b67]

VM state: not at safepoint (not fully initialized)

VM Mutex/Monitor currently owned by a thread:  ([mutex/lock_event])
[0x000001d7cfa18620] Heap_lock - owner thread: 0x000001d7cfa1d0d0

Heap address: 0x0000000741e00000, size: 3042 MB, Compressed Oops mode: Zero based, Oop shift amount: 3

CDS archive(s) mapped at: [0x0000000000000000-0x0000000000000000-0x0000000000000000), size 0, SharedBaseAddress: 0x0000000800000000, ArchiveRelocationMode: 1.
Narrow klass base: 0x0000000000000000, Narrow klass shift: 0, Narrow klass range: 0x0

GC Precious Log:
<Empty>

Heap:
 garbage-first heap   total 0K, used 0K [0x0000000741e00000, 0x0000000800000000)
  region size 2048K, 0 young (0K), 0 survivors (0K)

[error occurred during error reporting (printing heap information), id 0xc0000005, EXCEPTION_ACCESS_VIOLATION (0xc0000005) at pc=0x00007ffa51773859]

GC Heap History (0 events):
No events

Deoptimization events (0 events):
No events

Classes unloaded (0 events):
No events

Classes redefined (0 events):
No events

Internal exceptions (0 events):
No events

VM Operations (0 events):
No events

Events (1 events):
Event: 0.025 Loaded shared library C:\Program Files\Java\jdk-17\bin\java.dll


Dynamic libraries:
0x00007ff617300000 - 0x00007ff617310000 	C:\Program Files\Java\jdk-17\bin\java.exe
0x00007ffb3eab0000 - 0x00007ffb3eca8000 	C:\Windows\SYSTEM32\ntdll.dll
0x00007ffb3dfd0000 - 0x00007ffb3e092000 	C:\Windows\System32\KERNEL32.DLL
0x00007ffb3c320000 - 0x00007ffb3c616000 	C:\Windows\System32\KERNELBASE.dll
0x00007ffb3c9d0000 - 0x00007ffb3cad0000 	C:\Windows\System32\ucrtbase.dll
0x00007ffb15330000 - 0x00007ffb15349000 	C:\Program Files\Java\jdk-17\bin\jli.dll
0x00007ffb3d6a0000 - 0x00007ffb3d751000 	C:\Windows\System32\ADVAPI32.dll
0x00007ffb3d4c0000 - 0x00007ffb3d55e000 	C:\Windows\System32\msvcrt.dll
0x00007ffb3ce00000 - 0x00007ffb3ce9f000 	C:\Windows\System32\sechost.dll
0x00007ffb3cce0000 - 0x00007ffb3ce00000 	C:\Windows\System32\RPCRT4.dll
0x00007ffb3c2f0000 - 0x00007ffb3c317000 	C:\Windows\System32\bcrypt.dll
0x00007ffb3d310000 - 0x00007ffb3d4b1000 	C:\Windows\System32\USER32.dll
0x00007ffb3c6f0000 - 0x00007ffb3c712000 	C:\Windows\System32\win32u.dll
0x00007ffb3d200000 - 0x00007ffb3d22b000 	C:\Windows\System32\GDI32.dll
0x00007ffb3c1d0000 - 0x00007ffb3c2e9000 	C:\Windows\System32\gdi32full.dll
0x00007ffb3c7d0000 - 0x00007ffb3c86d000 	C:\Windows\System32\msvcp_win.dll
0x00007ffb11b50000 - 0x00007ffb11b6b000 	C:\Program Files\Java\jdk-17\bin\VCRUNTIME140.dll
0x00007ffb2a380000 - 0x00007ffb2a61b000 	C:\Windows\WinSxS\amd64_microsoft.windows.common-controls_6595b64144ccf1df_6.0.19041.6456_none_60b8a6cb71f64256\COMCTL32.dll
0x00007ffb36a20000 - 0x00007ffb36a2a000 	C:\Windows\SYSTEM32\VERSION.dll
0x00007ffb3cb50000 - 0x00007ffb3cb7f000 	C:\Windows\System32\IMM32.DLL
0x00007ffb378d0000 - 0x00007ffb378dc000 	C:\Program Files\Java\jdk-17\bin\vcruntime140_1.dll
0x00007ffaf6e80000 - 0x00007ffaf6f0e000 	C:\Program Files\Java\jdk-17\bin\msvcp140.dll
0x00007ffa510a0000 - 0x00007ffa51c80000 	C:\Program Files\Java\jdk-17\bin\server\jvm.dll
0x00007ffb3d560000 - 0x00007ffb3d568000 	C:\Windows\System32\PSAPI.DLL
0x00007ffb25100000 - 0x00007ffb25109000 	C:\Windows\SYSTEM32\WSOCK32.dll
0x00007ffb3d230000 - 0x00007ffb3d29b000 	C:\Windows\System32\WS2_32.dll
0x00007ffb2a620000 - 0x00007ffb2a647000 	C:\Windows\SYSTEM32\WINMM.dll
0x00007ffb3a940000 - 0x00007ffb3a952000 	C:\Windows\SYSTEM32\kernel.appcore.dll
0x00007ffb33a40000 - 0x00007ffb33a4a000 	C:\Program Files\Java\jdk-17\bin\jimage.dll
0x00007ffb39ca0000 - 0x00007ffb39ea1000 	C:\Windows\SYSTEM32\DBGHELP.DLL
0x00007ffb28800000 - 0x00007ffb28834000 	C:\Windows\SYSTEM32\dbgcore.DLL
0x00007ffb3c140000 - 0x00007ffb3c1c2000 	C:\Windows\System32\bcryptPrimitives.dll
0x00007ffb10240000 - 0x00007ffb10265000 	C:\Program Files\Java\jdk-17\bin\java.dll

dbghelp: loaded successfully - version: 4.0.5 - missing functions: none
symbol engine: initialized successfully - sym options: 0x614 - pdb path: .;C:\Program Files\Java\jdk-17\bin;C:\Windows\SYSTEM32;C:\Windows\WinSxS\amd64_microsoft.windows.common-controls_6595b64144ccf1df_6.0.19041.6456_none_60b8a6cb71f64256;C:\Program Files\Java\jdk-17\bin\server

VM Arguments:
jvm_args: -XX:TieredStopAtLevel=1 
java_command: com.projectSD.transaction_service.TransactionServiceApplication
java_class_path (initial): C:\Users\Pc\Documents\trae_projects\Distributed-Bank-Card-Payment-Verification-System\transaction-service\target\classes;C:\Users\Pc\.m2\repository\org\springframework\session\spring-session-jdbc\3.3.1\spring-session-jdbc-3.3.1.jar;C:\Users\Pc\.m2\repository\org\springframework\session\spring-session-core\3.3.1\spring-session-core-3.3.1.jar;C:\Users\Pc\.m2\repository\org\springframework\spring-jcl\6.1.10\spring-jcl-6.1.10.jar;C:\Users\Pc\.m2\repository\org\springframework\spring-context\6.1.10\spring-context-6.1.10.jar;C:\Users\Pc\.m2\repository\org\springframework\spring-beans\6.1.10\spring-beans-6.1.10.jar;C:\Users\Pc\.m2\repository\org\springframework\spring-expression\6.1.10\spring-expression-6.1.10.jar;C:\Users\Pc\.m2\repository\io\micrometer\micrometer-observation\1.13.1\micrometer-observation-1.13.1.jar;C:\Users\Pc\.m2\repository\io\micrometer\micrometer-commons\1.13.1\micrometer-commons-1.13.1.jar;C:\Users\Pc\.m2\repository\org\springframework\spring-jdbc\6.1.10\spring-jdbc-6.1.10.jar;C:\Users\Pc\.m2\repository\org\springframework\spring-tx\6.1.10\spring-tx-6.1.10.jar;C:\Users\Pc\.m2\repository\org\springframework\boot\spring-boot\3.3.1\spring-boot-3.3.1.jar;C:\Users\Pc\.m2\repository\org\springframework\boot\spring-boot-autoconfigure\3.3.1\spring-boot-autoconfigure-3.3.1.jar;C:\Users\Pc\.m2\repository\ch\qos\logback\logback-classic\1.5.6\logback-classic-1.5.6.jar;C:\Users\Pc\.m2\repository\ch\qos\logback\logback-core\1.5.6\logback-core-1.5.6.jar;C:\Users\Pc\.m2\repository\org\apache\logging\log4j\log4j-to-slf4j\2.23.1\log4j-to-slf4j-2.23.1.jar;C:\Users\Pc\.m2\repository\org\apache\logging\log4j\log4j-api\2.23.1\log4j-api-2.23.1.jar;C:\Users\Pc\.m2\repository\org\slf4j\jul-to-slf4j\2.0.13\jul-to-slf4j-2.0.13.jar;C:\Users\Pc\.m2\repository\jakarta\annotation\jakarta.annotation-api\2.1.1\jakarta.annotation-api-2.1.1.jar;C:\Users\Pc\.m2\repository\org\yaml\snakeyaml\2.2\snakeyaml-2.2.jar;C:\Users\Pc\.m2\repository\com\fasterxml\jack
Launcher Type: SUN_STANDARD

[Global flags]
     intx CICompilerCount                          = 4                                         {product} {ergonomic}
     uint ConcGCThreads                            = 2                                         {product} {ergonomic}
     uint G1ConcRefinementThreads                  = 8                                         {product} {ergonomic}
   size_t G1HeapRegionSize                         = 2097152                                   {product} {ergonomic}
    uintx GCDrainStackTargetSize                   = 64                                        {product} {ergonomic}
   size_t InitialHeapSize                          = 201326592                                 {product} {ergonomic}
   size_t MarkStackSize                            = 4194304                                   {product} {ergonomic}
   size_t MaxHeapSize                              = 3189768192                                {product} {ergonomic}
   size_t MinHeapDeltaBytes                        = 2097152                                   {product} {ergonomic}
   size_t MinHeapSize                              = 8388608                                   {product} {ergonomic}
    uintx NonProfiledCodeHeapSize                  = 0                                      {pd product} {ergonomic}
     bool ProfileInterpreter                       = false                                  {pd product} {command line}
    uintx ProfiledCodeHeapSize                     = 0                                      {pd product} {ergonomic}
   size_t SoftMaxHeapSize                          = 3189768192                             {manageable} {ergonomic}
     intx TieredStopAtLevel                        = 1                                         {product} {command line}
     bool UseCompressedClassPointers               = true                           {product lp64_product} {ergonomic}
     bool UseCompressedOops                        = true                           {product lp64_product} {ergonomic}
     bool UseG1GC                                  = true                                      {product} {ergonomic}
     bool UseLargePagesIndividualAllocation        = false                                  {pd product} {ergonomic}

Logging:
Log output configuration:
 #0: stdout all=warning uptime,level,tags
 #1: stderr all=off uptime,level,tags

Environment Variables:
JAVA_HOME=C:\Program Files\Java\jdk-17
PATH=C:\Program Files\Microsoft MPI\Bin\;C:\Program Files\Java\jdk-17;C:\oraclexe\app\oracle\product\11.2.0\server\bin;C:\app\Pc\product\21c\dbhomeXE\bin;c:\Users\Pc\AppData\Local\Programs\cursor\resources\app\bin;c:\Users\Pc\AppData\Local\Programs\cursor\resources\app\bin;C:\Program Files\BellSoft\LibericaJDK-21\bin\;c:\Users\Pc\AppData\Local\Programs\cursor\resources\app\bin;c:\Users\Pc\AppData\Local\Programs\cursor\resources\app\bin;c:\Users\Pc\AppData\Local\Programs\cursor\resources\app\bin;c:\Users\Pc\AppData\Local\Programs\cursor\resources\app\bin;c:\Users\Pc\AppData\Local\Programs\cursor\resources\app\bin;C:\Program Files (x86)\Common Files\Intel\Shared Libraries\redist\intel64\compiler;C:\Program Files\Common Files\Oracle\Java\javapath;C:\Program Files (x86)\Common Files\Oracle\Java\javapath;C:\Program Files (x86)\Common Files\Oracle\Java\java8path;C:\Program Files (x86)\Common Files\Oracle\Java\javapath;C:\oraclexe\app\oracle\product\11.2.0\server\bin;C:\Windows\system32;C:\Windows;C:\Windows\System32\Wbem;C:\Windows\System32\WindowsPowerShell\v1.0\;C:\Windows\System32\OpenSSH\;c:\Program Files (x86)\Microsoft SQL S;C:\Program Files\dotnet\;C:\Program Files\nodejs\;C:\ProgramData\ComposerSetup\bin;C:\Program Files\Git\cmd;C:\Program Files\WinRAR\;C:\xampp\mysql\bin;C:\Users\Pc\AppData\Roaming\npm;C:\xampp2\mysql\bin;C:\platform-tools-latest-windows\platform-tools;C:\Program Files\Amazon\AWSCLIV2\;C:\Program Files\Cloudflare;C:\php;C:\Program Files\Composer;C:\xampp2\php\php.exe;C:\composer;C:\php\php.exe;C:\Users\Pc\Downloads\ffmpeg\bin;C:\Users\Pc\AppData\Roaming\npm\node_modules\n8n\bin;C:\Program Files (x86)\Microsoft SQL Server\170\Tools\Binn\;C:\Program Files\Microsoft SQL Server\170\Tools\Binn\;C:\Program Files\Microsoft SQL Server\Client SDK\ODBC\180\Tools\Binn\;C:\Program Files\Microsoft SQL Server\170\DTS\Binn\;C:\spring-boot\bin;$env:PATH;C:\Program Files\Cloudflare;C:\Users\Pc\AppData\Roaming\Composer\vendor\bin;C:\Program Files\Java\jdk-17\bin;C:\U
USERNAME=Pc
OS=Windows_NT
PROCESSOR_IDENTIFIER=Intel64 Family 6 Model 142 Stepping 10, GenuineIntel



---------------  S Y S T E M  ---------------

OS:
 Windows 10 , 64 bit Build 19041 (10.0.19041.5915)
OS uptime: 3 days 2:46 hours
Hyper-V role detected

CPU: total 8 (initial active 8) (4 cores per cpu, 2 threads per core) family 6 model 142 stepping 10 microcode 0xb4, cx8, cmov, fxsr, ht, mmx, 3dnowpref, sse, sse2, sse3, ssse3, sse4.1, sse4.2, popcnt, lzcnt, tsc, tscinvbit, avx, avx2, aes, erms, clmul, bmi1, bmi2, adx, fma, vzeroupper, clflush, clflushopt, hv

Memory: 4k page, system-wide physical 12167M (259M free)
TotalPageFile size 30999M (AvailPageFile size 186M)
current process WorkingSet (physical memory assigned to process): 10M, peak: 10M
current process commit charge ("private bytes"): 55M, peak: 247M

vm_info: Java HotSpot(TM) 64-Bit Server VM (17.0.12+8-LTS-286) for windows-amd64 JRE (17.0.12+8-LTS-286), built on Jun  5 2024 06:46:59 by "mach5one" with MS VC++ 17.6 (VS2022)

END.
